<?xml version="1.0" encoding="UTF-8"?>
<!-- Generated by org.testng.reporters.JUnitReportReporter -->
<testsuite hostname="Vikass-Laptop.local" failures="0" tests="3" name="bdd.incubyte.TestRunner.CucumberTestRunner" time="50.475" errors="0" timestamp="2024-08-07T00:33:01 IST" skipped="0">
  <testcase classname="bdd.incubyte.TestRunner.CucumberTestRunner" name="runScenario" time="11.866"/>
  <system-out/>
  <testcase classname="bdd.incubyte.TestRunner.CucumberTestRunner" name="runScenario" time="19.349"/>
  <system-out/>
  <testcase classname="bdd.incubyte.TestRunner.CucumberTestRunner" name="runScenario" time="19.260"/>
  <system-out/>
</testsuite> <!-- bdd.incubyte.TestRunner.CucumberTestRunner -->
